<?xml version="1.0" encoding="UTF-8"?>
<testsuite name="com.soongjamm.helper.NumberRangeTest" tests="5" skipped="0" failures="0" errors="0" timestamp="2022-10-18T17:10:05" hostname="seungtaeui-MacBookPro.local" time="0.124">
  <properties/>
  <testcase name="[1] -1, 1, -1" classname="com.soongjamm.helper.NumberRangeTest" time="0.089"/>
  <testcase name="[2] -1, 1, 1" classname="com.soongjamm.helper.NumberRangeTest" time="0.005"/>
  <testcase name="[3] -1, 1, 0" classname="com.soongjamm.helper.NumberRangeTest" time="0.001"/>
  <testcase name="[1] -1, 1, 2" classname="com.soongjamm.helper.NumberRangeTest" time="0.001"/>
  <testcase name="[2] -1, 1, -2" classname="com.soongjamm.helper.NumberRangeTest" time="0.003"/>
  <system-out><![CDATA[]]></system-out>
  <system-err><![CDATA[]]></system-err>
</testsuite>
